<?xml version="1.0" encoding="UTF-8"?>
<testng-results ignored="0" total="2" passed="2" failed="0" skipped="0">
  <reporter-output>
  </reporter-output>
  <suite started-at="2026-06-21T11:11:31 IST" name="Loan " finished-at="2026-06-21T11:11:35 IST" duration-ms="4289">
    <groups>
    </groups>
    <test started-at="2026-06-21T11:11:31 IST" name="Login Test Cases" finished-at="2026-06-21T11:11:35 IST" duration-ms="4289">
      <class name="test.LoginTest">
        <test-method is-config="true" signature="Setup()[pri:0, instance:test.LoginTest@7494f96a]" started-at="2026-06-21T11:11:19 IST" name="Setup" finished-at="2026-06-21T11:11:31 IST" duration-ms="11348" status="PASS">
          <reporter-output>
          </reporter-output>
        </test-method> <!-- Setup -->
        <test-method signature="LogInsideURL()[pri:0, instance:test.LoginTest@7494f96a]" started-at="2026-06-21T11:11:31 IST" name="LogInsideURL" finished-at="2026-06-21T11:11:33 IST" duration-ms="2422" status="PASS">
          <reporter-output>
          </reporter-output>
        </test-method> <!-- LogInsideURL -->
      </class> <!-- test.LoginTest -->
      <class name="test.LogoutTest">
        <test-method signature="Logout()[pri:0, instance:test.LogoutTest@5c671d7f]" started-at="2026-06-21T11:11:33 IST" name="Logout" finished-at="2026-06-21T11:11:35 IST" duration-ms="1838" status="PASS">
          <reporter-output>
          </reporter-output>
        </test-method> <!-- Logout -->
      </class> <!-- test.LogoutTest -->
    </test> <!-- Login Test Cases -->
  </suite> <!-- Loan  -->
</testng-results>
